<?xml version="1.0" encoding="UTF-8"?>
<testsuite xmlns:xsi="http://www.w3.org/2001/XMLSchema-instance" xsi:noNamespaceSchemaLocation="https://maven.apache.org/surefire/maven-surefire-plugin/xsd/surefire-test-report.xsd" version="3.0.2" name="com.example.SVC.SVCApplicationTests" time="7.642" tests="1" errors="0" skipped="0" failures="0">
  <properties>
[...]
</properties>
  <testcase name="contextLoads" classname="com.example.SVC.SVCApplicationTests" time="0.323">
    <system-out><![CDATA[11:40:17.739 [main] INFO org.springframework.test.context.support.AnnotationConfigContextLoaderUtils -- Could not detect default configuration classes for test class [com.example.SVC.SVCApplicationTests]: SVCApplicationTests does not declare any static, non-private, non-final, nested classes annotated with @Configuration.
11:40:17.821 [main] INFO org.springframework.boot.test.context.SpringBootTestContextBootstrapper -- Found @SpringBootConfiguration com.example.SVC.SVCApplication for test class com.example.SVC.SVCApplicationTests

  .   ____          _            __ _ _
 /\\ / ___'_ __ _ _(_)_ __  __ _ \ \ \ \
( ( )\___ | '_ | '_| | '_ \/ _` | \ \ \ \
 \\/  ___)| |_)| | | | | || (_| |  ) ) ) )
  '  |____| .__|_| |_|_| |_\__, | / / / /
 =========|_|==============|___/=/_/_/_/

 :: Spring Boot ::                (v3.4.5)

2025-06-09T11:40:18.159+02:00  INFO 19324 --- [templatasvc] [           main] com.example.SVC.SVCApplicationTests      : Starting SVCApplicationTests using Java 21.0.6 with PID 19324 (started by dydek in C:\java\SVC)
2025-06-09T11:40:18.160+02:00  INFO 19324 --- [templatasvc] [           main] com.example.SVC.SVCApplicationTests      : No active profile set, falling back to 1 default profile: "default"
2025-06-09T11:40:18.846+02:00  INFO 19324 --- [templatasvc] [           main] .s.d.r.c.RepositoryConfigurationDelegate : Bootstrapping Spring Data JPA repositories in DEFAULT mode.
2025-06-09T11:40:18.905+02:00  INFO 19324 --- [templatasvc] [           main] .s.d.r.c.RepositoryConfigurationDelegate : Finished Spring Data repository scanning in 49 ms. Found 3 JPA repository interfaces.
2025-06-09T11:40:19.352+02:00  INFO 19324 --- [templatasvc] [           main] o.hibernate.jpa.internal.util.LogHelper  : HHH000204: Processing PersistenceUnitInfo [name: default]
2025-06-09T11:40:19.420+02:00  INFO 19324 --- [templatasvc] [           main] org.hibernate.Version                    : HHH000412: Hibernate ORM core version 6.6.13.Final
2025-06-09T11:40:19.460+02:00  INFO 19324 --- [templatasvc] [           main] o.h.c.internal.RegionFactoryInitiator    : HHH000026: Second-level cache disabled
2025-06-09T11:40:19.764+02:00  INFO 19324 --- [templatasvc] [           main] o.s.o.j.p.SpringPersistenceUnitInfo      : No LoadTimeWeaver setup: ignoring JPA class transformer
2025-06-09T11:40:19.796+02:00  INFO 19324 --- [templatasvc] [           main] com.zaxxer.hikari.HikariDataSource       : HikariPool-1 - Starting...
2025-06-09T11:40:21.817+02:00  INFO 19324 --- [templatasvc] [           main] com.zaxxer.hikari.pool.HikariPool        : HikariPool-1 - Added connection org.postgresql.jdbc.PgConnection@116fc29e
2025-06-09T11:40:21.818+02:00  INFO 19324 --- [templatasvc] [           main] com.zaxxer.hikari.HikariDataSource       : HikariPool-1 - Start completed.
2025-06-09T11:40:21.884+02:00  WARN 19324 --- [templatasvc] [           main] org.hibernate.orm.deprecation            : HHH90000025: PostgreSQLDialect does not need to be specified explicitly using 'hibernate.dialect' (remove the property setting and it will be selected by default)
2025-06-09T11:40:21.969+02:00  INFO 19324 --- [templatasvc] [           main] org.hibernate.orm.connections.pooling    : HHH10001005: Database info:
	Database JDBC URL [Connecting through datasource 'HikariDataSource (HikariPool-1)']
	Database driver: undefined/unknown
	Database version: 16.9
	Autocommit mode: undefined/unknown
	Isolation level: undefined/unknown
	Minimum pool size: undefined/unknown
	Maximum pool size: undefined/unknown
2025-06-09T11:40:22.732+02:00  INFO 19324 --- [templatasvc] [           main] o.h.e.t.j.p.i.JtaPlatformInitiator       : HHH000489: No JTA platform available (set 'hibernate.transaction.jta.platform' to enable JTA platform integration)
2025-06-09T11:40:23.436+02:00  INFO 19324 --- [templatasvc] [           main] j.LocalContainerEntityManagerFactoryBean : Initialized JPA EntityManagerFactory for persistence unit 'default'
2025-06-09T11:40:23.689+02:00  INFO 19324 --- [templatasvc] [           main] o.s.d.j.r.query.QueryEnhancerFactory     : Hibernate is in classpath; If applicable, HQL parser will be used.
2025-06-09T11:40:24.337+02:00  INFO 19324 --- [templatasvc] [           main] r$InitializeUserDetailsManagerConfigurer : Global AuthenticationManager configured with UserDetailsService bean with name userDetailsService
2025-06-09T11:40:24.697+02:00  INFO 19324 --- [templatasvc] [           main] o.s.v.b.OptionalValidatorFactoryBean     : Failed to set up a Bean Validation provider: jakarta.validation.NoProviderFoundException: Unable to create a Configuration, because no Jakarta Bean Validation provider could be found. Add a provider like Hibernate Validator (RI) to your classpath.
2025-06-09T11:40:24.931+02:00  INFO 19324 --- [templatasvc] [           main] com.example.SVC.SVCApplicationTests      : Started SVCApplicationTests in 6.994 seconds (process running for 7.742)
]]></system-out>
    <system-err><![CDATA[Mockito is currently self-attaching to enable the inline-mock-maker. This will no longer work in future releases of the JDK. Please add Mockito as an agent to your build what is described in Mockito's documentation: https://javadoc.io/doc/org.mockito/mockito-core/latest/org/mockito/Mockito.html#0.3
WARNING: A Java agent has been loaded dynamically (C:\Users\dydek\.m2\repository\net\bytebuddy\byte-buddy-agent\1.15.11\byte-buddy-agent-1.15.11.jar)
WARNING: If a serviceability tool is in use, please run with -XX:+EnableDynamicAgentLoading to hide this warning
WARNING: If a serviceability tool is not in use, please run with -Djdk.instrument.traceUsage for more information
WARNING: Dynamic loading of agents will be disallowed by default in a future release
]]></system-err>
  </testcase>
</testsuite>